<?xml version="1.0" encoding="UTF-8"?>
<!-- Generated by org.testng.reporters.JUnitReportReporter -->
<testsuite skipped="0" hostname="LAPTOP-AUG5HGQL" name="tests.PUT" tests="1" failures="0" timestamp="25 Sep 2020 23:30:16 GMT" time="3.609" errors="0">
  <testcase name="TestCase_01" time="3.609" classname="tests.PUT"/>
</testsuite> <!-- tests.PUT -->
