<?xml version="1.0" encoding="UTF-8"?>
<!-- Generated by org.testng.reporters.JUnitReportReporter -->
<testsuite skipped="0" hostname="LAPTOP-AUG5HGQL" name="tests.DELETE" tests="1" failures="0" timestamp="25 Sep 2020 23:30:33 GMT" time="3.314" errors="0">
  <testcase name="TestCase_01" time="3.314" classname="tests.DELETE"/>
</testsuite> <!-- tests.DELETE -->
