<?xml version="1.0" encoding="UTF-8"?>
<!-- Generated by org.testng.reporters.JUnitReportReporter -->
<testsuite skipped="0" hostname="LAPTOP-AUG5HGQL" name="tests.Test2_GET" tests="1" failures="0" timestamp="25 Sep 2020 09:15:12 GMT" time="8.900" errors="0">
  <testcase name="TestCase_1" time="8.900" classname="tests.Test2_GET"/>
</testsuite> <!-- tests.Test2_GET -->
