<?xml version="1.0" encoding="UTF-8"?>
<!-- Generated by org.testng.reporters.JUnitReportReporter -->
<testsuite skipped="0" hostname="LAPTOP-AUG5HGQL" name="tests.GET" tests="2" failures="0" timestamp="24 Sep 2020 21:11:42 GMT" time="4.801" errors="0">
  <testcase name="TestCase_02" time="1.598" classname="tests.GET"/>
  <testcase name="TestCase_01" time="3.203" classname="tests.GET"/>
</testsuite> <!-- tests.GET -->
