<?xml version="1.0" encoding="UTF-8"?>
<!-- Generated by org.testng.reporters.JUnitReportReporter -->
<testsuite skipped="0" hostname="LAPTOP-AUG5HGQL" name="tests.TestCase4_PUT" tests="1" failures="0" timestamp="25 Sep 2020 23:12:08 GMT" time="4.528" errors="0">
  <testcase name="TestCase_01" time="4.528" classname="tests.TestCase4_PUT"/>
</testsuite> <!-- tests.TestCase4_PUT -->
