<?xml version="1.0" encoding="UTF-8"?>
<!-- Generated by org.testng.reporters.JUnitReportReporter -->
<testsuite skipped="0" hostname="LAPTOP-AUG5HGQL" name="tests.Test3_POST" tests="1" failures="0" timestamp="25 Sep 2020 22:56:00 GMT" time="3.502" errors="0">
  <testcase name="TestCase_01" time="3.502" classname="tests.Test3_POST"/>
</testsuite> <!-- tests.Test3_POST -->
